time-edit-text/app/build/intermediates/manifest_merge_blame_file/debug/manifest-merger-blame-debug-report.txt
1<?xml version="1.0" encoding="utf-8"?>
2<manifest xmlns:android="http://schemas.android.com/apk/res/android"
3    package="com.example.app"
4    android:versionCode="1"
5    android:versionName="1.0" >
6
7    <uses-sdk
8        android:minSdkVersion="21"
8-->src/main/AndroidManifest.xml
9        android:targetSdkVersion="32" />
9-->src/main/AndroidManifest.xml
10
11    <uses-permission android:name="android.permission.REORDER_TASKS" />
11-->[androidx.fragment:fragment-testing:1.4.1] AndroidManifest.xml:25:5-72
11-->[androidx.fragment:fragment-testing:1.4.1] AndroidManifest.xml:25:22-69
12
13    <application
13-->src/main/AndroidManifest.xml:5:5-21:19
14        android:allowBackup="true"
14-->src/main/AndroidManifest.xml:6:9-35
15        android:appComponentFactory="androidx.core.app.CoreComponentFactory"
15-->[androidx.core:core:1.7.0] AndroidManifest.xml:24:18-86
16        android:debuggable="true"
17        android:icon="@mipmap/ic_launcher"
17-->src/main/AndroidManifest.xml:7:9-43
18        android:label="@string/app_name"
18-->src/main/AndroidManifest.xml:8:9-41
19        android:roundIcon="@mipmap/ic_launcher_round"
19-->src/main/AndroidManifest.xml:9:9-54
20        android:supportsRtl="true"
20-->src/main/AndroidManifest.xml:10:9-35
21        android:theme="@style/Theme.TimeEditText" >
21-->src/main/AndroidManifest.xml:11:9-50
22        <activity
22-->src/main/AndroidManifest.xml:12:9-20:20
23            android:name="com.example.app.MainActivity"
23-->src/main/AndroidManifest.xml:13:13-41
24            android:exported="true" >
24-->src/main/AndroidManifest.xml:14:13-36
25            <intent-filter>
25-->src/main/AndroidManifest.xml:15:13-19:29
26                <action android:name="android.intent.action.MAIN" />
26-->src/main/AndroidManifest.xml:16:17-69
26-->src/main/AndroidManifest.xml:16:25-66
27
28                <category android:name="android.intent.category.LAUNCHER" />
28-->src/main/AndroidManifest.xml:18:17-77
28-->src/main/AndroidManifest.xml:18:27-74
29            </intent-filter>
30        </activity>
31        <activity
31-->[androidx.fragment:fragment-testing:1.4.1] AndroidManifest.xml:28:9-37:20
32            android:name="androidx.fragment.app.testing.FragmentScenario$EmptyFragmentActivity"
32-->[androidx.fragment:fragment-testing:1.4.1] AndroidManifest.xml:29:13-96
33            android:exported="true"
33-->[androidx.fragment:fragment-testing:1.4.1] AndroidManifest.xml:30:13-36
34            android:multiprocess="true"
34-->[androidx.fragment:fragment-testing:1.4.1] AndroidManifest.xml:31:13-40
35            android:taskAffinity=""
35-->[androidx.fragment:fragment-testing:1.4.1] AndroidManifest.xml:32:13-36
36            android:theme="@style/FragmentScenarioEmptyFragmentActivityTheme" >
36-->[androidx.fragment:fragment-testing:1.4.1] AndroidManifest.xml:33:13-78
37            <intent-filter>
37-->[androidx.fragment:fragment-testing:1.4.1] AndroidManifest.xml:34:13-36:29
38                <action android:name="android.intent.action.MAIN" />
38-->src/main/AndroidManifest.xml:16:17-69
38-->src/main/AndroidManifest.xml:16:25-66
39            </intent-filter>
40        </activity>
41        <activity
41-->[androidx.test:core:1.4.0] AndroidManifest.xml:27:9-34:20
42            android:name="androidx.test.core.app.InstrumentationActivityInvoker$BootstrapActivity"
42-->[androidx.test:core:1.4.0] AndroidManifest.xml:28:13-99
43            android:exported="true"
43-->[androidx.test:core:1.4.0] AndroidManifest.xml:29:13-36
44            android:theme="@android:style/Theme" >
44-->[androidx.test:core:1.4.0] AndroidManifest.xml:30:13-49
45            <intent-filter>
45-->[androidx.fragment:fragment-testing:1.4.1] AndroidManifest.xml:34:13-36:29
46                <action android:name="android.intent.action.MAIN" />
46-->src/main/AndroidManifest.xml:16:17-69
46-->src/main/AndroidManifest.xml:16:25-66
47            </intent-filter>
48        </activity>
49        <activity
49-->[androidx.test:core:1.4.0] AndroidManifest.xml:35:9-42:20
50            android:name="androidx.test.core.app.InstrumentationActivityInvoker$EmptyActivity"
50-->[androidx.test:core:1.4.0] AndroidManifest.xml:36:13-95
51            android:exported="true"
51-->[androidx.test:core:1.4.0] AndroidManifest.xml:37:13-36
52            android:theme="@android:style/Theme" >
52-->[androidx.test:core:1.4.0] AndroidManifest.xml:38:13-49
53            <intent-filter>
53-->[androidx.fragment:fragment-testing:1.4.1] AndroidManifest.xml:34:13-36:29
54                <action android:name="android.intent.action.MAIN" />
54-->src/main/AndroidManifest.xml:16:17-69
54-->src/main/AndroidManifest.xml:16:25-66
55            </intent-filter>
56        </activity>
57        <activity
57-->[androidx.test:core:1.4.0] AndroidManifest.xml:43:9-50:20
58            android:name="androidx.test.core.app.InstrumentationActivityInvoker$EmptyFloatingActivity"
58-->[androidx.test:core:1.4.0] AndroidManifest.xml:44:13-103
59            android:exported="true"
59-->[androidx.test:core:1.4.0] AndroidManifest.xml:45:13-36
60            android:theme="@android:style/Theme.Dialog" >
60-->[androidx.test:core:1.4.0] AndroidManifest.xml:46:13-56
61            <intent-filter>
61-->[androidx.fragment:fragment-testing:1.4.1] AndroidManifest.xml:34:13-36:29
62                <action android:name="android.intent.action.MAIN" />
62-->src/main/AndroidManifest.xml:16:17-69
62-->src/main/AndroidManifest.xml:16:25-66
63            </intent-filter>
64        </activity>
65
66        <provider
66-->[androidx.emoji2:emoji2:1.0.0] AndroidManifest.xml:26:9-34:20
67            android:name="androidx.startup.InitializationProvider"
67-->[androidx.emoji2:emoji2:1.0.0] AndroidManifest.xml:27:13-67
68            android:authorities="com.example.app.androidx-startup"
68-->[androidx.emoji2:emoji2:1.0.0] AndroidManifest.xml:28:13-68
69            android:exported="false" >
69-->[androidx.emoji2:emoji2:1.0.0] AndroidManifest.xml:29:13-37
70            <meta-data
70-->[androidx.emoji2:emoji2:1.0.0] AndroidManifest.xml:31:13-33:52
71                android:name="androidx.emoji2.text.EmojiCompatInitializer"
71-->[androidx.emoji2:emoji2:1.0.0] AndroidManifest.xml:32:17-75
72                android:value="androidx.startup" />
72-->[androidx.emoji2:emoji2:1.0.0] AndroidManifest.xml:33:17-49
73            <meta-data
73-->[androidx.lifecycle:lifecycle-process:2.4.0] AndroidManifest.xml:31:13-33:52
74                android:name="androidx.lifecycle.ProcessLifecycleInitializer"
74-->[androidx.lifecycle:lifecycle-process:2.4.0] AndroidManifest.xml:32:17-78
75                android:value="androidx.startup" />
75-->[androidx.lifecycle:lifecycle-process:2.4.0] AndroidManifest.xml:33:17-49
76        </provider>
77    </application>
78
79</manifest>